24-03-21.15:00:46.467 [main            ] INFO  Application            - Starting Application using Java 1.8.0_362 on DESKTOP-CA38900 with PID 28876 (F:\javalearning\xyf-dev-tech-mybatis\xyf-dev-tech-app\target\classes started by User in F:\javalearning\xyf-dev-tech-mybatis)
24-03-21.15:00:46.468 [main            ] INFO  Application            - The following 1 profile is active: "dev"
24-03-21.15:00:46.725 [main            ] WARN  ClassPathMapperScanner - No MyBatis mapper was found in '[xyf.tech]' package. Please check your configuration.
24-03-21.15:00:46.878 [main            ] INFO  TomcatWebServer        - Tomcat initialized with port(s): 8090 (http)
24-03-21.15:00:46.881 [main            ] INFO  Http11NioProtocol      - Initializing ProtocolHandler ["http-nio-8090"]
24-03-21.15:00:46.881 [main            ] INFO  StandardService        - Starting service [Tomcat]
24-03-21.15:00:46.881 [main            ] INFO  StandardEngine         - Starting Servlet engine: [Apache Tomcat/9.0.75]
24-03-21.15:00:46.921 [main            ] INFO  [/]                    - Initializing Spring embedded WebApplicationContext
24-03-21.15:00:46.922 [main            ] INFO  ServletWebServerApplicationContext - Root WebApplicationContext: initialization completed in 435 ms
24-03-21.15:00:47.068 [main            ] WARN  AnnotationConfigServletWebServerApplicationContext - Exception encountered during context initialization - cancelling refresh attempt: org.springframework.beans.factory.BeanCreationException: Error creating bean with name 'sqlSessionFactory' defined in class path resource [org/mybatis/spring/boot/autoconfigure/MybatisAutoConfiguration.class]: Bean instantiation via factory method failed; nested exception is org.springframework.beans.BeanInstantiationException: Failed to instantiate [org.apache.ibatis.session.SqlSessionFactory]: Factory method 'sqlSessionFactory' threw exception; nested exception is java.io.FileNotFoundException: class path resource [mybatis/config/mybatis-config.xml] cannot be opened because it does not exist
24-03-21.15:00:47.070 [main            ] INFO  StandardService        - Stopping service [Tomcat]
24-03-21.15:00:47.075 [main            ] INFO  ConditionEvaluationReportLoggingListener - 

Error starting ApplicationContext. To display the conditions report re-run your application with 'debug' enabled.
24-03-21.15:00:47.084 [main            ] ERROR SpringApplication      - Application run failed
org.springframework.beans.factory.BeanCreationException: Error creating bean with name 'sqlSessionFactory' defined in class path resource [org/mybatis/spring/boot/autoconfigure/MybatisAutoConfiguration.class]: Bean instantiation via factory method failed; nested exception is org.springframework.beans.BeanInstantiationException: Failed to instantiate [org.apache.ibatis.session.SqlSessionFactory]: Factory method 'sqlSessionFactory' threw exception; nested exception is java.io.FileNotFoundException: class path resource [mybatis/config/mybatis-config.xml] cannot be opened because it does not exist
	at org.springframework.beans.factory.support.ConstructorResolver.instantiate(ConstructorResolver.java:658)
	at org.springframework.beans.factory.support.ConstructorResolver.instantiateUsingFactoryMethod(ConstructorResolver.java:638)
	at org.springframework.beans.factory.support.AbstractAutowireCapableBeanFactory.instantiateUsingFactoryMethod(AbstractAutowireCapableBeanFactory.java:1352)
	at org.springframework.beans.factory.support.AbstractAutowireCapableBeanFactory.createBeanInstance(AbstractAutowireCapableBeanFactory.java:1195)
	at org.springframework.beans.factory.support.AbstractAutowireCapableBeanFactory.doCreateBean(AbstractAutowireCapableBeanFactory.java:582)
	at org.springframework.beans.factory.support.AbstractAutowireCapableBeanFactory.createBean(AbstractAutowireCapableBeanFactory.java:542)
	at org.springframework.beans.factory.support.AbstractBeanFactory.lambda$doGetBean$0(AbstractBeanFactory.java:335)
	at org.springframework.beans.factory.support.DefaultSingletonBeanRegistry.getSingleton(DefaultSingletonBeanRegistry.java:234)
	at org.springframework.beans.factory.support.AbstractBeanFactory.doGetBean(AbstractBeanFactory.java:333)
	at org.springframework.beans.factory.support.AbstractBeanFactory.getBean(AbstractBeanFactory.java:208)
	at org.springframework.beans.factory.support.DefaultListableBeanFactory.preInstantiateSingletons(DefaultListableBeanFactory.java:955)
	at org.springframework.context.support.AbstractApplicationContext.finishBeanFactoryInitialization(AbstractApplicationContext.java:920)
	at org.springframework.context.support.AbstractApplicationContext.refresh(AbstractApplicationContext.java:583)
	at org.springframework.boot.web.servlet.context.ServletWebServerApplicationContext.refresh(ServletWebServerApplicationContext.java:147)
	at org.springframework.boot.SpringApplication.refresh(SpringApplication.java:731)
	at org.springframework.boot.SpringApplication.refreshContext(SpringApplication.java:408)
	at org.springframework.boot.SpringApplication.run(SpringApplication.java:307)
	at org.springframework.boot.SpringApplication.run(SpringApplication.java:1303)
	at org.springframework.boot.SpringApplication.run(SpringApplication.java:1292)
	at xyf.tech.Application.main(Application.java:12)
Caused by: org.springframework.beans.BeanInstantiationException: Failed to instantiate [org.apache.ibatis.session.SqlSessionFactory]: Factory method 'sqlSessionFactory' threw exception; nested exception is java.io.FileNotFoundException: class path resource [mybatis/config/mybatis-config.xml] cannot be opened because it does not exist
	at org.springframework.beans.factory.support.SimpleInstantiationStrategy.instantiate(SimpleInstantiationStrategy.java:185)
	at org.springframework.beans.factory.support.ConstructorResolver.instantiate(ConstructorResolver.java:653)
	... 19 common frames omitted
Caused by: java.io.FileNotFoundException: class path resource [mybatis/config/mybatis-config.xml] cannot be opened because it does not exist
	at org.springframework.core.io.ClassPathResource.getInputStream(ClassPathResource.java:199)
	at org.mybatis.spring.SqlSessionFactoryBean.buildSqlSessionFactory(SqlSessionFactoryBean.java:518)
	at org.mybatis.spring.SqlSessionFactoryBean.afterPropertiesSet(SqlSessionFactoryBean.java:491)
	at org.mybatis.spring.SqlSessionFactoryBean.getObject(SqlSessionFactoryBean.java:633)
	at org.mybatis.spring.boot.autoconfigure.MybatisAutoConfiguration.sqlSessionFactory(MybatisAutoConfiguration.java:179)
	at org.mybatis.spring.boot.autoconfigure.MybatisAutoConfiguration$$EnhancerBySpringCGLIB$$30c12852.CGLIB$sqlSessionFactory$1(<generated>)
	at org.mybatis.spring.boot.autoconfigure.MybatisAutoConfiguration$$EnhancerBySpringCGLIB$$30c12852$$FastClassBySpringCGLIB$$17ac1b5c.invoke(<generated>)
	at org.springframework.cglib.proxy.MethodProxy.invokeSuper(MethodProxy.java:244)
	at org.springframework.context.annotation.ConfigurationClassEnhancer$BeanMethodInterceptor.intercept(ConfigurationClassEnhancer.java:331)
	at org.mybatis.spring.boot.autoconfigure.MybatisAutoConfiguration$$EnhancerBySpringCGLIB$$30c12852.sqlSessionFactory(<generated>)
	at sun.reflect.NativeMethodAccessorImpl.invoke0(Native Method)
	at sun.reflect.NativeMethodAccessorImpl.invoke(NativeMethodAccessorImpl.java:62)
	at sun.reflect.DelegatingMethodAccessorImpl.invoke(DelegatingMethodAccessorImpl.java:43)
	at java.lang.reflect.Method.invoke(Method.java:498)
	at org.springframework.beans.factory.support.SimpleInstantiationStrategy.instantiate(SimpleInstantiationStrategy.java:154)
	... 20 common frames omitted
24-03-21.15:01:24.954 [main            ] INFO  Application            - Starting Application using Java 1.8.0_362 on DESKTOP-CA38900 with PID 23812 (F:\javalearning\xyf-dev-tech-mybatis\xyf-dev-tech-app\target\classes started by User in F:\javalearning\xyf-dev-tech-mybatis)
24-03-21.15:01:24.955 [main            ] INFO  Application            - The following 1 profile is active: "dev"
24-03-21.15:01:25.216 [main            ] WARN  ClassPathMapperScanner - No MyBatis mapper was found in '[xyf.tech]' package. Please check your configuration.
24-03-21.15:01:25.366 [main            ] INFO  TomcatWebServer        - Tomcat initialized with port(s): 8090 (http)
24-03-21.15:01:25.369 [main            ] INFO  Http11NioProtocol      - Initializing ProtocolHandler ["http-nio-8090"]
24-03-21.15:01:25.370 [main            ] INFO  StandardService        - Starting service [Tomcat]
24-03-21.15:01:25.370 [main            ] INFO  StandardEngine         - Starting Servlet engine: [Apache Tomcat/9.0.75]
24-03-21.15:01:25.410 [main            ] INFO  [/]                    - Initializing Spring embedded WebApplicationContext
24-03-21.15:01:25.410 [main            ] INFO  ServletWebServerApplicationContext - Root WebApplicationContext: initialization completed in 437 ms
24-03-21.15:01:25.628 [main            ] INFO  Http11NioProtocol      - Starting ProtocolHandler ["http-nio-8090"]
24-03-21.15:01:25.657 [main            ] INFO  TomcatWebServer        - Tomcat started on port(s): 8090 (http) with context path ''
24-03-21.15:01:25.662 [main            ] INFO  Application            - Started Application in 0.918 seconds (JVM running for 1.362)
24-03-21.15:20:05.006 [main            ] INFO  Application            - Starting Application using Java 1.8.0_362 on DESKTOP-CA38900 with PID 26600 (F:\javalearning\xyf-dev-tech-mybatis\xyf-dev-tech-app\target\classes started by User in F:\javalearning\xyf-dev-tech-mybatis)
24-03-21.15:20:05.008 [main            ] INFO  Application            - The following 1 profile is active: "dev"
24-03-21.15:20:05.281 [main            ] WARN  ClassPathMapperScanner - No MyBatis mapper was found in '[xyf.tech]' package. Please check your configuration.
24-03-21.15:20:05.439 [main            ] INFO  TomcatWebServer        - Tomcat initialized with port(s): 8090 (http)
24-03-21.15:20:05.443 [main            ] INFO  Http11NioProtocol      - Initializing ProtocolHandler ["http-nio-8090"]
24-03-21.15:20:05.443 [main            ] INFO  StandardService        - Starting service [Tomcat]
24-03-21.15:20:05.443 [main            ] INFO  StandardEngine         - Starting Servlet engine: [Apache Tomcat/9.0.75]
24-03-21.15:20:05.495 [main            ] INFO  [/]                    - Initializing Spring embedded WebApplicationContext
24-03-21.15:20:05.495 [main            ] INFO  ServletWebServerApplicationContext - Root WebApplicationContext: initialization completed in 468 ms
24-03-21.15:20:05.703 [main            ] INFO  Http11NioProtocol      - Starting ProtocolHandler ["http-nio-8090"]
24-03-21.15:20:05.735 [main            ] INFO  TomcatWebServer        - Tomcat started on port(s): 8090 (http) with context path ''
24-03-21.15:20:05.740 [main            ] INFO  Application            - Started Application in 0.94 seconds (JVM running for 1.374)
